2020-07-15T08:06:20+00:00 CRITICAL require_once(): Failed opening required 'simplexlsx.class.php' (include_path='.:/opt/lampp/lib/php') در /opt/lampp/htdocs/wordpress/wp-content/plugins/ep_get-json-woo/view/view.php در خط 8

2020-07-15T08:08:24+00:00 CRITICAL Call to a member function rows() on boolean در /opt/lampp/htdocs/wordpress/wp-content/plugins/ep_get-json-woo/view/view.php در خط 10

2020-07-15T08:08:51+00:00 CRITICAL Call to a member function rows() on boolean در /opt/lampp/htdocs/wordpress/wp-content/plugins/ep_get-json-woo/view/view.php در خط 10

2020-07-15T08:08:56+00:00 CRITICAL Call to a member function rows() on boolean در /opt/lampp/htdocs/wordpress/wp-content/plugins/ep_get-json-woo/view/view.php در خط 10

2020-07-15T08:09:48+00:00 CRITICAL require(): Failed opening required '/opt/lampp/htdocs/wordpress/wp-content/plugins/ep_get-json-woo//view/read-xls.php.php' (include_path='.:/opt/lampp/lib/php') در /opt/lampp/htdocs/wordpress/wp-content/plugins/ep_get-json-woo/get-json-woo.php در خط 23

2020-07-15T08:12:45+00:00 CRITICAL Call to a member function rows() on boolean در /opt/lampp/htdocs/wordpress/wp-content/plugins/ep_get-json-woo/view/view.php در خط 10

2020-07-15T08:14:08+00:00 CRITICAL Call to a member function rows() on boolean در /opt/lampp/htdocs/wordpress/wp-content/plugins/ep_get-json-woo/view/view.php در خط 10

2020-07-15T08:14:12+00:00 CRITICAL Call to a member function rows() on boolean در /opt/lampp/htdocs/wordpress/wp-content/plugins/ep_get-json-woo/view/view.php در خط 10

2020-07-15T08:14:48+00:00 CRITICAL require(): Failed opening required '/opt/lampp/htdocs/wordpress/wp-content/plugins/ep_get-json-woo//view/view.php' (include_path='.:/opt/lampp/lib/php') در /opt/lampp/htdocs/wordpress/wp-content/plugins/ep_get-json-woo/get-json-woo.php در خط 23

2020-07-15T08:31:35+00:00 CRITICAL require_once(): Failed opening required 'simplexlsx.class.php' (include_path='.:/opt/lampp/lib/php') در /opt/lampp/htdocs/wordpress/wp-content/plugins/ep_get-json-woo/view/view.php در خط 8

2020-07-15T11:26:53+00:00 CRITICAL Class 'COM' not found در /opt/lampp/htdocs/wordpress/wp-content/plugins/ep_get-json-woo/view/view.php در خط 19

2020-07-15T11:26:53+00:00 CRITICAL Class 'COM' not found در /opt/lampp/htdocs/wordpress/wp-content/plugins/ep_get-json-woo/view/view.php در خط 19

2020-07-15T11:57:39+00:00 CRITICAL Class 'COM' not found در /opt/lampp/htdocs/wordpress/wp-content/plugins/ep_get-json-woo/view/view.php در خط 19

2020-07-15T11:57:40+00:00 CRITICAL Class 'COM' not found در /opt/lampp/htdocs/wordpress/wp-content/plugins/ep_get-json-woo/view/view.php در خط 19

2020-07-15T12:02:46+00:00 CRITICAL Class 'COM' not found در /opt/lampp/htdocs/wordpress/wp-content/plugins/ep_get-json-woo/view/view.php در خط 19

2020-07-15T12:02:46+00:00 CRITICAL Class 'COM' not found در /opt/lampp/htdocs/wordpress/wp-content/plugins/ep_get-json-woo/view/view.php در خط 19

2020-07-15T12:09:54+00:00 CRITICAL Class 'COM' not found در /opt/lampp/htdocs/wordpress/wp-content/plugins/ep_get-json-woo/view/view.php در خط 19

2020-07-15T12:19:08+00:00 CRITICAL Class 'COM' not found در /opt/lampp/htdocs/wordpress/wp-content/plugins/ep_get-json-woo/view/view.php در خط 19

2020-07-15T12:35:08+00:00 CRITICAL Class 'COM' not found در /opt/lampp/htdocs/wordpress/wp-content/plugins/ep_get-json-woo/view/view.php در خط 19

2020-07-15T12:37:27+00:00 CRITICAL syntax error, unexpected '->' (T_OBJECT_OPERATOR) در /opt/lampp/htdocs/wordpress/wp-content/plugins/ep_get-json-woo/view/view.php در خط 2

2020-07-15T12:45:43+00:00 CRITICAL Cannot redeclare setup_postdata() (previously declared in /opt/lampp/htdocs/wordpress/wp-includes/query.php:1135) در /opt/lampp/htdocs/wordpress/wp-content/plugins/ep_get-json-woo/view/view.php در خط 10

